{"uid":"b7bd5749659ff5cc","name":"test_co_list_agent_office_phone_0_316","fullName":"tests.test_checklist.TestPromotionChecklist#test_co_list_agent_office_phone_0_316","historyId":"e26de73fd85ec39c8ccf54caa0491a82","time":{"start":1736850332993,"stop":1736850367559,"duration":34566},"description":"co_list_agent_office_phone are mapped with [with source='316']\n            FirstValueProvider:(\"agent_office_phone\",\"office_phone\")\" ","descriptionHtml":"<p>co_list_agent_office_phone are mapped with [with source='316']<br />\nFirstValueProvider:(&quot;agent_office_phone&quot;,&quot;office_phone&quot;)&quot;</p>\n","status":"broken","statusMessage":"selenium.common.exceptions.TimeoutException: Message: \nStacktrace:\n#0 0x56434248c8fa <unknown>\n#1 0x564341f9dd20 <unknown>\n#2 0x564341feca66 <unknown>\n#3 0x564341fecd01 <unknown>\n#4 0x564342032184 <unknown>\n#5 0x564342010b1d <unknown>\n#6 0x56434202f560 <unknown>\n#7 0x564342010893 <unknown>\n#8 0x564341fdf30d <unknown>\n#9 0x564341fe032e <unknown>\n#10 0x56434245900b <unknown>\n#11 0x56434245cf97 <unknown>\n#12 0x56434244571c <unknown>\n#13 0x56434245db17 <unknown>\n#14 0x56434242a6cf <unknown>\n#15 0x56434247b6b8 <unknown>\n#16 0x56434247b880 <unknown>\n#17 0x56434248b776 <unknown>\n#18 0x7f671b894ac3 <unknown>","statusTrace":"a = (<tests.test_checklist.TestPromotionChecklist testMethod=test_co_list_agent_office_phone_0_316>,)\nkw = {}\n\n    @wraps(func)\n    def standalone_func(*a, **kw):\n>       return func(*(a + p.args), **p.kwargs, **kw)\n\n/opt/hostedtoolcache/Python/3.12.8/x64/lib/python3.12/site-packages/parameterized/parameterized.py:620: \n_ _ _ _ _ _ _ _ _ _ _ _ _ _ _ _ _ _ _ _ _ _ _ _ _ _ _ _ _ _ _ _ _ _ _ _ _ _ _ _ \ntests/test_checklist.py:150: in test_co_list_agent_office_phone\n    WebDriverWait(self.driver, 30).until(EC.element_to_be_clickable(SOURCE_ID))\n_ _ _ _ _ _ _ _ _ _ _ _ _ _ _ _ _ _ _ _ _ _ _ _ _ _ _ _ _ _ _ _ _ _ _ _ _ _ _ _ \n\nself = <selenium.webdriver.support.wait.WebDriverWait (session=\"dda6c8207e2675bafdc7fd120a56c5bc\")>\nmethod = <function element_to_be_clickable.<locals>._predicate at 0x7f9ab5c4a840>\nmessage = ''\n\n    def until(self, method: Callable[[D], Union[Literal[False], T]], message: str = \"\") -> T:\n        \"\"\"Calls the method provided with the driver as an argument until the \\\n        return value does not evaluate to ``False``.\n    \n        :param method: callable(WebDriver)\n        :param message: optional message for :exc:`TimeoutException`\n        :returns: the result of the last call to `method`\n        :raises: :exc:`selenium.common.exceptions.TimeoutException` if timeout occurs\n        \"\"\"\n        screen = None\n        stacktrace = None\n    \n        end_time = time.monotonic() + self._timeout\n        while True:\n            try:\n                value = method(self._driver)\n                if value:\n                    return value\n            except self._ignored_exceptions as exc:\n                screen = getattr(exc, \"screen\", None)\n                stacktrace = getattr(exc, \"stacktrace\", None)\n            if time.monotonic() > end_time:\n                break\n            time.sleep(self._poll)\n>       raise TimeoutException(message, screen, stacktrace)\nE       selenium.common.exceptions.TimeoutException: Message: \nE       Stacktrace:\nE       #0 0x56434248c8fa <unknown>\nE       #1 0x564341f9dd20 <unknown>\nE       #2 0x564341feca66 <unknown>\nE       #3 0x564341fecd01 <unknown>\nE       #4 0x564342032184 <unknown>\nE       #5 0x564342010b1d <unknown>\nE       #6 0x56434202f560 <unknown>\nE       #7 0x564342010893 <unknown>\nE       #8 0x564341fdf30d <unknown>\nE       #9 0x564341fe032e <unknown>\nE       #10 0x56434245900b <unknown>\nE       #11 0x56434245cf97 <unknown>\nE       #12 0x56434244571c <unknown>\nE       #13 0x56434245db17 <unknown>\nE       #14 0x56434242a6cf <unknown>\nE       #15 0x56434247b6b8 <unknown>\nE       #16 0x56434247b880 <unknown>\nE       #17 0x56434248b776 <unknown>\nE       #18 0x7f671b894ac3 <unknown>\n\n/opt/hostedtoolcache/Python/3.12.8/x64/lib/python3.12/site-packages/selenium/webdriver/support/wait.py:105: TimeoutException","flaky":false,"newFailed":false,"newBroken":false,"newPassed":false,"retriesCount":0,"retriesStatusChange":false,"beforeStages":[{"name":"_unittest_setUpClass_fixture_TestPromotionChecklist","time":{"start":1736850329884,"stop":1736850329884,"duration":0},"status":"passed","steps":[],"attachments":[],"parameters":[],"stepsCount":0,"shouldDisplayMessage":false,"attachmentsCount":0,"hasContent":false,"attachmentStep":false}],"afterStages":[{"name":"_unittest_setUpClass_fixture_TestPromotionChecklist::0","time":{"start":1736850799837,"stop":1736850799837,"duration":0},"status":"passed","steps":[],"attachments":[],"parameters":[],"stepsCount":0,"shouldDisplayMessage":false,"attachmentsCount":0,"hasContent":false,"attachmentStep":false}],"labels":[{"name":"tag","value":"@pytest.mark.filterwarnings('ignore::DeprecationWarning')"},{"name":"parentSuite","value":"tests"},{"name":"suite","value":"test_checklist"},{"name":"subSuite","value":"TestPromotionChecklist"},{"name":"host","value":"fv-az523-483"},{"name":"thread","value":"2910-MainThread"},{"name":"framework","value":"pytest"},{"name":"language","value":"cpython3"},{"name":"package","value":"tests.test_checklist"},{"name":"resultFormat","value":"allure2"}],"parameters":[],"links":[],"hidden":false,"retry":false,"extra":{"severity":"normal","retries":[],"categories":[{"name":"Test defects","matchedStatuses":[],"flaky":false}],"tags":["@pytest.mark.filterwarnings('ignore::DeprecationWarning')"]},"source":"b7bd5749659ff5cc.json","parameterValues":[]}